# JRE version: OpenJDK Runtime Environment (15.0.1+9) (build 15.0.1+9-18)
# Java VM: OpenJDK 64-Bit Server VM (15.0.1+9-18, mixed mode, tiered, compressed oops, g1 gc, linux-amd64)
GC Precious Log:
 CPUs: 12 total, 12 available
 Memory: 16020M
 Large Page Support: Disabled
 NUMA Support: Disabled
 Compressed Oops: Enabled (Zero based)
 Heap Region Size: 2M
 Heap Min Capacity: 8M
 Heap Initial Capacity: 252M
 Heap Max Capacity: 4006M
 Pre-touch: Disabled
 Parallel Workers: 10
 Concurrent Workers: 3
 Concurrent Refinement Workers: 10
 Periodic GC: Disabled
Heap:
 garbage-first heap   total 96256K, used 62629K [0x0000000705a00000, 0x0000000800000000)
  region size 2048K, 25 young (51200K), 1 survivors (2048K)
 Metaspace       used 50530K, capacity 50999K, committed 51456K, reserved 1093632K
  class space    used 6123K, capacity 6301K, committed 6400K, reserved 1048576K
GC Heap History (18 events):
Event: 0.393 GC heap before
{Heap before GC invocations=0 (full 0):
 garbage-first heap   total 258048K, used 20480K [0x0000000705a00000, 0x0000000800000000)
  region size 2048K, 11 young (22528K), 0 survivors (0K)
 Metaspace       used 11787K, capacity 11911K, committed 12288K, reserved 1060864K
  class space    used 1113K, capacity 1157K, committed 1280K, reserved 1048576K
}
Event: 0.396 GC heap after
{Heap after GC invocations=1 (full 0):
 garbage-first heap   total 258048K, used 6211K [0x0000000705a00000, 0x0000000800000000)
  region size 2048K, 2 young (4096K), 2 survivors (4096K)
 Metaspace       used 11787K, capacity 11911K, committed 12288K, reserved 1060864K
  class space    used 1113K, capacity 1157K, committed 1280K, reserved 1048576K
}
Event: 0.399 GC heap before
{Heap before GC invocations=1 (full 0):
 garbage-first heap   total 258048K, used 26691K [0x0000000705a00000, 0x0000000800000000)
  region size 2048K, 13 young (26624K), 2 survivors (4096K)
 Metaspace       used 11787K, capacity 11911K, committed 12288K, reserved 1060864K
  class space    used 1113K, capacity 1157K, committed 1280K, reserved 1048576K
}
Event: 0.401 GC heap after
{Heap after GC invocations=2 (full 0):
 garbage-first heap   total 258048K, used 6297K [0x0000000705a00000, 0x0000000800000000)
  region size 2048K, 1 young (2048K), 1 survivors (2048K)
 Metaspace       used 11787K, capacity 11911K, committed 12288K, reserved 1060864K
  class space    used 1113K, capacity 1157K, committed 1280K, reserved 1048576K
}
Event: 0.733 GC heap before
{Heap before GC invocations=2 (full 0):
 garbage-first heap   total 258048K, used 47257K [0x0000000705a00000, 0x0000000800000000)
  region size 2048K, 23 young (47104K), 1 survivors (2048K)
 Metaspace       used 20771K, capacity 20974K, committed 21248K, reserved 1069056K
  class space    used 2179K, capacity 2253K, committed 2304K, reserved 1048576K
}
Event: 0.735 GC heap after
{Heap after GC invocations=3 (full 0):
 garbage-first heap   total 258048K, used 8461K [0x0000000705a00000, 0x0000000800000000)
  region size 2048K, 2 young (4096K), 2 survivors (4096K)
 Metaspace       used 20771K, capacity 20974K, committed 21248K, reserved 1069056K
  class space    used 2179K, capacity 2253K, committed 2304K, reserved 1048576K
}
Event: 0.899 GC heap before
{Heap before GC invocations=4 (full 0):
 garbage-first heap   total 55296K, used 49421K [0x0000000705a00000, 0x0000000800000000)
  region size 2048K, 23 young (47104K), 2 survivors (4096K)
 Metaspace       used 25000K, capacity 25210K, committed 25600K, reserved 1073152K
  class space    used 2731K, capacity 2808K, committed 2816K, reserved 1048576K
}
Event: 0.901 GC heap after
{Heap after GC invocations=5 (full 0):
 garbage-first heap   total 59392K, used 9640K [0x0000000705a00000, 0x0000000800000000)
  region size 2048K, 2 young (4096K), 2 survivors (4096K)
 Metaspace       used 25000K, capacity 25210K, committed 25600K, reserved 1073152K
  class space    used 2731K, capacity 2808K, committed 2816K, reserved 1048576K
}
Event: 1.057 GC heap before
{Heap before GC invocations=5 (full 0):
 garbage-first heap   total 59392K, used 36264K [0x0000000705a00000, 0x0000000800000000)
  region size 2048K, 16 young (32768K), 2 survivors (4096K)
 Metaspace       used 26549K, capacity 26847K, committed 27136K, reserved 1073152K
  class space    used 2890K, capacity 2984K, committed 3072K, reserved 1048576K
}
Event: 1.061 GC heap after
{Heap after GC invocations=6 (full 0):
 garbage-first heap   total 159744K, used 10853K [0x0000000705a00000, 0x0000000800000000)
  region size 2048K, 2 young (4096K), 2 survivors (4096K)
 Metaspace       used 26549K, capacity 26847K, committed 27136K, reserved 1073152K
  class space    used 2890K, capacity 2984K, committed 3072K, reserved 1048576K
}
Event: 1.726 GC heap before
{Heap before GC invocations=6 (full 0):
 garbage-first heap   total 159744K, used 98917K [0x0000000705a00000, 0x0000000800000000)
  region size 2048K, 46 young (94208K), 2 survivors (4096K)
 Metaspace       used 35073K, capacity 35563K, committed 35712K, reserved 1081344K
  class space    used 3999K, capacity 4145K, committed 4224K, reserved 1048576K
}
Event: 1.731 GC heap after
{Heap after GC invocations=7 (full 0):
 garbage-first heap   total 159744K, used 14479K [0x0000000705a00000, 0x0000000800000000)
  region size 2048K, 3 young (6144K), 3 survivors (6144K)
 Metaspace       used 35073K, capacity 35563K, committed 35712K, reserved 1081344K
  class space    used 3999K, capacity 4145K, committed 4224K, reserved 1048576K
}
Event: 1.745 GC heap before
{Heap before GC invocations=7 (full 0):
 garbage-first heap   total 159744K, used 14479K [0x0000000705a00000, 0x0000000800000000)
  region size 2048K, 4 young (8192K), 3 survivors (6144K)
 Metaspace       used 35334K, capacity 35755K, committed 35840K, reserved 1081344K
  class space    used 4026K, capacity 4145K, committed 4224K, reserved 1048576K
}
Event: 1.748 GC heap after
{Heap after GC invocations=8 (full 0):
 garbage-first heap   total 159744K, used 14647K [0x0000000705a00000, 0x0000000800000000)
  region size 2048K, 4 young (8192K), 4 survivors (8192K)
 Metaspace       used 35334K, capacity 35755K, committed 35840K, reserved 1081344K
  class space    used 4026K, capacity 4145K, committed 4224K, reserved 1048576K
}
Event: 1.859 GC heap before
{Heap before GC invocations=9 (full 0):
 garbage-first heap   total 75776K, used 63799K [0x0000000705a00000, 0x0000000800000000)
  region size 2048K, 29 young (59392K), 4 survivors (8192K)
 Metaspace       used 36639K, capacity 37073K, committed 37120K, reserved 1081344K
  class space    used 4181K, capacity 4307K, committed 4352K, reserved 1048576K
}
Event: 1.863 GC heap after
{Heap after GC invocations=10 (full 0):
 garbage-first heap   total 79872K, used 15761K [0x0000000705a00000, 0x0000000800000000)
  region size 2048K, 1 young (2048K), 1 survivors (2048K)
 Metaspace       used 36639K, capacity 37073K, committed 37120K, reserved 1081344K
  class space    used 4181K, capacity 4307K, committed 4352K, reserved 1048576K
}
Event: 1.876 GC heap before
{Heap before GC invocations=10 (full 0):
 garbage-first heap   total 79872K, used 17809K [0x0000000705a00000, 0x0000000800000000)
  region size 2048K, 2 young (4096K), 1 survivors (2048K)
 Metaspace       used 36788K, capacity 37235K, committed 37376K, reserved 1083392K
  class space    used 4196K, capacity 4341K, committed 4352K, reserved 1048576K
}
Event: 1.877 GC heap after
{Heap after GC invocations=11 (full 0):
 garbage-first heap   total 96256K, used 15525K [0x0000000705a00000, 0x0000000800000000)
  region size 2048K, 1 young (2048K), 1 survivors (2048K)
 Metaspace       used 36788K, capacity 37235K, committed 37376K, reserved 1083392K
  class space    used 4196K, capacity 4341K, committed 4352K, reserved 1048576K
}

